<?xml version="1.0" encoding="UTF-8"?>
<testsuite xmlns:xsi="http://www.w3.org/2001/XMLSchema-instance" xsi:noNamespaceSchemaLocation="https://maven.apache.org/surefire/maven-surefire-plugin/xsd/surefire-test-report.xsd" name="oop.exams.generator.WestLicensePlateGeneratorTest" time="0" tests="3" errors="0" skipped="0" failures="0">
  <properties>
[...]
</properties>
  <testcase name="givenAWestState_whenGenerate_thenLicensePlateStartsWith1" classname="oop.exams.generator.WestLicensePlateGeneratorTest" time="0"/>
  <testcase name="givenAWestState_whenGenerateTwice_thenLicensesAreDifferent" classname="oop.exams.generator.WestLicensePlateGeneratorTest" time="0"/>
  <testcase name="givenANonWestState_whenGenerate_thenBadRegionExceptionIsThrown" classname="oop.exams.generator.WestLicensePlateGeneratorTest" time="0"/>
</testsuite>